frd-app/android/app/mapping/release/seeds.txt
com.noticias0218081905181021.app.MainActivity
com.noticias0218081905181021.app.MainActivity: MainActivity()
...
androidx.core.content.ContextCompat$Api23Impl: int getColor(android.content.Context,int)
org.apache.cordova.CordovaPlugin: boolean onReceivedClientCertRequest(org.apache.cordova.CordovaWebView,org.apache.cordova.ICordovaClientCertRequest)
androidx.core.view.DisplayCutoutCompat$Api28Impl: int getSafeInsetLeft(android.view.DisplayCutout)
androidx.appcompat.widget.AppCompatAutoCompleteTextView: void setDropDownBackgroundResource(int)
androidx.appcompat.widget.ButtonBarLayout: void setStacked(boolean)
androidx.appcompat.widget.AppCompatRadioButton: void setSupportButtonTintList(android.content.res.ColorStateList)
androidx.core.view.ViewCompat$Api16Impl: void postInvalidateOnAnimation(android.view.View,int,int,int,int)
androidx.appcompat.widget.AppCompatCheckedTextView: androidx.appcompat.widget.AppCompatEmojiTextHelper getEmojiTextViewHelper()
androidx.appcompat.widget.AppCompatTextView: int getAutoSizeMaxTextSize()
androidx.appcompat.widget.AppCompatButton: int getAutoSizeMaxTextSize()
androidx.appcompat.widget.LinearLayoutCompat: void setDividerDrawable(android.graphics.drawable.Drawable)
org.chromium.support_lib_boundary.WebkitToCompatConverterBoundaryInterface: java.lang.Object convertServiceWorkerSettings(java.lang.reflect.InvocationHandler)
org.chromium.support_lib_boundary.StaticsBoundaryInterface: boolean isMultiProcessEnabled()
com.google.android.datatransport.runtime.scheduling.jobscheduling.AlarmManagerSchedulerBroadcastReceiver: AlarmManagerSchedulerBroadcastReceiver()
io.capawesome.capacitorjs.plugins.firebase.authentication.FirebaseAuthenticationPlugin: void linkWithApple(com.getcapacitor.PluginCall)
androidx.appcompat.app.AlertController$RecycleListView: AlertController$RecycleListView(android.content.Context,android.util.AttributeSet)
androidx.vectordrawable.graphics.drawable.VectorDrawableCompat$VGroup: void setScaleY(float)
androidx.coordinatorlayout.widget.CoordinatorLayout: void setStatusBarBackgroundColor(int)
io.capawesome.capacitorjs.plugins.firebase.authentication.FirebaseAuthenticationPlugin: void setTenantId(com.getcapacitor.PluginCall)
org.apache.cordova.CordovaPlugin: void onRequestPermissionResult(int,java.lang.String[],int[])
androidx.core.widget.ImageViewCompat$Api21Impl: void setImageTintMode(android.widget.ImageView,android.graphics.PorterDuff$Mode)
androidx.appcompat.widget.AppCompatTextView: android.content.res.ColorStateList getSupportCompoundDrawablesTintList()
androidx.appcompat.widget.AppCompatRadioButton: void setAllCaps(boolean)
androidx.core.os.LocaleListCompat$Api24Impl: android.os.LocaleList createLocaleList(java.util.Locale[])
androidx.core.widget.PopupWindowCompat$Api23Impl: int getWindowLayoutType(android.widget.PopupWindow)
androidx.appcompat.widget.Toolbar: android.view.MenuInflater getMenuInflater()
org.apache.cordova.CordovaWebViewImpl: void init(org.apache.cordova.CordovaInterface)
androidx.appcompat.widget.AppCompatAutoCompleteTextView: AppCompatAutoCompleteTextView(android.content.Context,android.util.AttributeSet)
androidx.vectordrawable.graphics.drawable.VectorDrawableCompat$VFullPath: float getFillAlpha()
org.chromium.support_lib_boundary.ProxyControllerBoundaryInterface: void clearProxyOverride(java.lang.Runnable,java.util.concurrent.Executor)
androidx.vectordrawable.graphics.drawable.VectorDrawableCompat$VGroup: float getScaleY()
androidx.appcompat.widget.ViewStubCompat: android.view.LayoutInflater getLayoutInflater()
androidx.appcompat.widget.AppCompatTextView: void setSupportBackgroundTintMode(android.graphics.PorterDuff$Mode)
org.apache.cordova.CordovaWebViewImpl: void handleStart()
androidx.appcompat.widget.SearchView: void setSubmitButtonEnabled(boolean)
androidx.appcompat.widget.AppCompatEditText: void setKeyListener(android.text.method.KeyListener)
com.getcapacitor.Plugin: void requestPermissions(com.getcapacitor.PluginCall)
org.chromium.support_lib_boundary.FeatureFlagHolderBoundaryInterface: java.lang.String[] getSupportedFeatures()